This is pdfTeX, Version 3.14159265-2.6-1.40.20 (MiKTeX 2.9.7140 64-bit) (preloaded format=pdflatex 2019.9.8)  19 SEP 2019 22:11
entering extended mode
**"./Practica 02.tex"
("Practica 02.tex"
LaTeX2e <2018-12-01>
("C:\Users\USER\AppData\Local\Programs\MiKTeX 2.9\tex/latex/base\article.cls"
Document Class: article 2018/09/03 v1.4i Standard LaTeX document class
("C:\Users\USER\AppData\Local\Programs\MiKTeX 2.9\tex/latex/base\size12.clo"
File: size12.clo 2018/09/03 v1.4i Standard LaTeX file (size option)
)
\c@part=\count80
\c@section=\count81
\c@subsection=\count82
\c@subsubsection=\count83
\c@paragraph=\count84
\c@subparagraph=\count85
\c@figure=\count86
\c@table=\count87
\abovecaptionskip=\skip41
\belowcaptionskip=\skip42
\bibindent=\dimen102
)
("C:\Users\USER\AppData\Local\Programs\MiKTeX 2.9\tex/generic/xypic\xy.sty"
("C:\Users\USER\AppData\Local\Programs\MiKTeX 2.9\tex/generic/xypic\xy.tex"
Bootstrap'ing: catcodes, docmode,
("C:\Users\USER\AppData\Local\Programs\MiKTeX 2.9\tex/generic/xypic\xyrecat.tex
")
("C:\Users\USER\AppData\Local\Programs\MiKTeX 2.9\tex/generic/xypic\xyidioms.te
x")

 Xy-pic version 3.8.9 <2013/10/06>
 Copyright (c) 1991-2013 by Kristoffer H. Rose <krisrose@tug.org> and others
 Xy-pic is free software: see the User's Guide for details.

Loading kernel: messages; fonts; allocations: state,
\X@c=\dimen103
\Y@c=\dimen104
\U@c=\dimen105
\D@c=\dimen106
\L@c=\dimen107
\R@c=\dimen108
\Edge@c=\toks14
\X@p=\dimen109
\Y@p=\dimen110
\U@p=\dimen111
\D@p=\dimen112
\L@p=\dimen113
\R@p=\dimen114
\Edge@p=\toks15
\X@origin=\dimen115
\Y@origin=\dimen116
\X@xbase=\dimen117
\Y@xbase=\dimen118
\X@ybase=\dimen119
\Y@ybase=\dimen120
\X@min=\dimen121
\Y@min=\dimen122
\X@max=\dimen123
\Y@max=\dimen124
\lastobjectbox@=\box27
\zerodotbox@=\box28
\almostz@=\dimen125
 direction,
\d@X=\dimen126
\d@Y=\dimen127
\K@=\count88
\KK@=\count89
\Direction=\count90
\K@dXdY=\dimen128
\K@dYdX=\dimen129
\xyread@=\read1
\xywrite@=\write3
\csp@=\count91
\quotPTK@=\dimen130

utility macros; pictures: \xy, positions,
\swaptoks@@=\toks16
\connectobjectbox@@=\box29
 objects,
\styletoks@=\toks17
 decorations;
kernel objects: directionals, circles, text; options; algorithms: directions,
edges, connections;  Xy-pic loaded)
("C:\Users\USER\AppData\Local\Programs\MiKTeX 2.9\tex/generic/oberdiek\ifpdf.st
y"
Package: ifpdf 2018/09/07 v3.3 Provides the ifpdf switch
)
Package: xy 2013/10/06 Xy-pic version 3.8.9

("C:\Users\USER\AppData\Local\Programs\MiKTeX 2.9\tex/generic/xypic\xyall.tex"
 Xy-pic option: All features v.3.8
("C:\Users\USER\AppData\Local\Programs\MiKTeX 2.9\tex/generic/xypic\xycurve.tex
"  Xy-pic option: Curve and Spline extension v.3.12 curve,
\crv@cnt@=\count92
\crvpts@=\toks18
\splinebox@=\box30
\splineval@=\dimen131
\splinedepth@=\dimen132
\splinetol@=\dimen133
\splinelength@=\dimen134
 circles,
\L@=\dimen135
 loaded)
("C:\Users\USER\AppData\Local\Programs\MiKTeX 2.9\tex/generic/xypic\xyframe.tex
"  Xy-pic option: Frame and Bracket extension v.3.14 loaded)
("C:\Users\USER\AppData\Local\Programs\MiKTeX 2.9\tex/generic/xypic\xycmtip.tex
"  Xy-pic option: Computer Modern tip extension v.3.7
("C:\Users\USER\AppData\Local\Programs\MiKTeX 2.9\tex/generic/xypic\xytips.tex"
 Xy-pic option: More Tips extension v.3.11 loaded) loaded)
("C:\Users\USER\AppData\Local\Programs\MiKTeX 2.9\tex/generic/xypic\xyline.tex"
 Xy-pic option: Line styles extension v.3.10
\xylinethick@=\dimen136
 loaded)
("C:\Users\USER\AppData\Local\Programs\MiKTeX 2.9\tex/generic/xypic\xyrotate.te
x"  Xy-pic option: Rotate and Scale extension v.3.8 loaded)
("C:\Users\USER\AppData\Local\Programs\MiKTeX 2.9\tex/generic/xypic\xycolor.tex
"  Xy-pic option: Colour extension v.3.11 loaded)
("C:\Users\USER\AppData\Local\Programs\MiKTeX 2.9\tex/generic/xypic\xymatrix.te
x"  Xy-pic option: Matrix feature v.3.14
\Row=\count93
\Col=\count94
\queue@=\toks19
\queue@@=\toks20
\qcount@=\count95
\qcount@@=\count96
\matrixsize@=\count97
 loaded)
("C:\Users\USER\AppData\Local\Programs\MiKTeX 2.9\tex/generic/xypic\xyarrow.tex
"  Xy-pic option: Arrow and Path feature v.3.9 path, \ar, loaded)
("C:\Users\USER\AppData\Local\Programs\MiKTeX 2.9\tex/generic/xypic\xygraph.tex
"  Xy-pic option: Graph feature v.3.11 loaded) loaded)
("C:\Users\USER\AppData\Local\Programs\MiKTeX 2.9\tex/generic/xypic\xypdf.tex"
 Xy-pic option: PDF driver v.1.7 Xy-pic pdf driver: `color' extension support
("C:\Users\USER\AppData\Local\Programs\MiKTeX 2.9\tex/generic/xypic\xypdf-co.te
x" loaded) Xy-pic pdf driver: `curve' extension support
("C:\Users\USER\AppData\Local\Programs\MiKTeX 2.9\tex/generic/xypic\xypdf-cu.te
x" loaded) Xy-pic pdf driver: `frame' extension support
("C:\Users\USER\AppData\Local\Programs\MiKTeX 2.9\tex/generic/xypic\xypdf-fr.te
x" loaded) Xy-pic pdf driver: `line' extension support
("C:\Users\USER\AppData\Local\Programs\MiKTeX 2.9\tex/generic/xypic\xypdf-li.te
x" loaded) Xy-pic pdf driver: `rotate' extension support
("C:\Users\USER\AppData\Local\Programs\MiKTeX 2.9\tex/generic/xypic\xypdf-ro.te
x" loaded) loaded))
("C:\Users\USER\AppData\Local\Programs\MiKTeX 2.9\tex/latex/amsfonts\amssymb.st
y"
Package: amssymb 2013/01/14 v3.01 AMS font symbols

("C:\Users\USER\AppData\Local\Programs\MiKTeX 2.9\tex/latex/amsfonts\amsfonts.s
ty"
Package: amsfonts 2013/01/14 v3.01 Basic AMSFonts support
\@emptytoks=\toks21
\symAMSa=\mathgroup4
\symAMSb=\mathgroup5
LaTeX Font Info:    Overwriting math alphabet `\mathfrak' in version `bold'
(Font)                  U/euf/m/n --> U/euf/b/n on input line 106.
))
("C:\Users\USER\AppData\Local\Programs\MiKTeX 2.9\tex/latex/amsmath\amsmath.sty
"
Package: amsmath 2018/12/01 v2.17b AMS math features
\@mathmargin=\skip43

For additional information on amsmath, use the `?' option.
("C:\Users\USER\AppData\Local\Programs\MiKTeX 2.9\tex/latex/amsmath\amstext.sty
"
Package: amstext 2000/06/29 v2.01 AMS text
 ("C:\Users\USER\AppData\Local\Programs\MiKTeX 2.9\tex/latex/amsmath\amsgen.sty
"
File: amsgen.sty 1999/11/30 v2.0 generic functions
\@emptytoks=\toks22
\ex@=\dimen137
))
("C:\Users\USER\AppData\Local\Programs\MiKTeX 2.9\tex/latex/amsmath\amsbsy.sty"
Package: amsbsy 1999/11/29 v1.2d Bold Symbols
\pmbraise@=\dimen138
) ("C:\Users\USER\AppData\Local\Programs\MiKTeX 2.9\tex/latex/amsmath\amsopn.st
y"
Package: amsopn 2016/03/08 v2.02 operator names
)
\inf@bad=\count98
LaTeX Info: Redefining \frac on input line 223.
\uproot@=\count99
\leftroot@=\count100
LaTeX Info: Redefining \overline on input line 385.
\classnum@=\count101
\DOTSCASE@=\count102
LaTeX Info: Redefining \ldots on input line 482.
LaTeX Info: Redefining \dots on input line 485.
LaTeX Info: Redefining \cdots on input line 606.
\Mathstrutbox@=\box31
\strutbox@=\box32
\big@size=\dimen139
LaTeX Font Info:    Redeclaring font encoding OML on input line 729.
LaTeX Font Info:    Redeclaring font encoding OMS on input line 730.
\macc@depth=\count103
\c@MaxMatrixCols=\count104
\dotsspace@=\muskip10
\c@parentequation=\count105
\dspbrk@lvl=\count106
\tag@help=\toks23
\row@=\count107
\column@=\count108
\maxfields@=\count109
\andhelp@=\toks24
\eqnshift@=\dimen140
\alignsep@=\dimen141
\tagshift@=\dimen142
\tagwidth@=\dimen143
\totwidth@=\dimen144
\lineht@=\dimen145
\@envbody=\toks25
\multlinegap=\skip44
\multlinetaggap=\skip45
\mathdisplay@stack=\toks26
LaTeX Info: Redefining \[ on input line 2844.
LaTeX Info: Redefining \] on input line 2845.
)
("C:\Users\USER\AppData\Local\Programs\MiKTeX 2.9\tex/latex/graphics\graphics.s
ty"
Package: graphics 2017/06/25 v1.2c Standard LaTeX Graphics (DPC,SPQR)

("C:\Users\USER\AppData\Local\Programs\MiKTeX 2.9\tex/latex/graphics\trig.sty"
Package: trig 2016/01/03 v1.10 sin cos tan (DPC)
)
("C:\Users\USER\AppData\Local\Programs\MiKTeX 2.9\tex/latex/graphics-cfg\graphi
cs.cfg"
File: graphics.cfg 2016/06/04 v1.11 sample graphics configuration
)
Package graphics Info: Driver file: pdftex.def on input line 99.

("C:\Users\USER\AppData\Local\Programs\MiKTeX 2.9\tex/latex/graphics-def\pdftex
.def"
File: pdftex.def 2018/01/08 v1.0l Graphics/color driver for pdftex
))
("C:\Users\USER\AppData\Local\Programs\MiKTeX 2.9\tex/latex/tools\enumerate.sty
"
Package: enumerate 2015/07/23 v3.00 enumerate extensions (DPC)
\@enLab=\toks27
) ("C:\Users\USER\AppData\Local\Programs\MiKTeX 2.9\tex/latex/base\inputenc.sty
"
Package: inputenc 2018/08/11 v1.3c Input encoding file
\inpenc@prehook=\toks28
\inpenc@posthook=\toks29
) ("C:\Users\USER\AppData\Local\Programs\MiKTeX 2.9\tex/latex/base\makeidx.sty"
Package: makeidx 2014/09/29 v1.0m Standard LaTeX package
)
("C:\Users\USER\AppData\Local\Programs\MiKTeX 2.9\tex/latex/graphics\graphicx.s
ty"
Package: graphicx 2017/06/01 v1.1a Enhanced LaTeX Graphics (DPC,SPQR)

("C:\Users\USER\AppData\Local\Programs\MiKTeX 2.9\tex/latex/graphics\keyval.sty
"
Package: keyval 2014/10/28 v1.15 key=value parser (DPC)
\KV@toks@=\toks30
)
\Gin@req@height=\dimen146
\Gin@req@width=\dimen147
)
("C:\Users\USER\AppData\Local\Programs\MiKTeX 2.9\tex/latex/synttree\synttree.s
ty"
\MTr@level=\count110
\MTr@numchildren=\count111
\MTr@maxlevel=\count112
\MTr@mybranchmult=\count113
\MTr@labelbox=\box33
\MTr@treebox=\box34
\MTr@treev=\count114
\MTr@treew=\count115
\MTr@treeheight=\count116
\MTr@treedepth=\count117
\MTr@branchmult=\count118
\MTr@labeldepth=\count119
\MTr@labelheight=\count120
\MTr@labelhalfwidth=\count121
\MTr@morex=\count122
\MTr@parenty=\count123
\MTr@picwidth=\count124
\MTr@picheight=\count125
\MTr@templength=\skip46
\MTr@loopcnta=\count126
\MTr@tempcnta=\count127
\MTr@tempcntb=\count128
\MTr@tempcntc=\count129
\MTr@branchheight=\count130
\MTr@trianglemultright=\count131
\MTr@trianglemultleft=\count132
\MTr@lineoffset=\count133
\MTr@minheight=\skip47
\MTr@childsidesep=\count134
\MTr@childattachsep=\count135
)
("C:\Users\USER\AppData\Local\Programs\MiKTeX 2.9\tex/latex/wasysym\wasysym.sty
"
Package: wasysym 2003/10/30 v2.0 Wasy-2 symbol support package
\symwasy=\mathgroup6
LaTeX Font Info:    Overwriting symbol font `wasy' in version `bold'
(Font)                  U/wasy/m/n --> U/wasy/b/n on input line 90.
) ("Practica 02.aux")
\openout1 = `"Practica 02.aux"'.

LaTeX Font Info:    Checking defaults for OML/cmm/m/it on input line 16.
LaTeX Font Info:    ... okay on input line 16.
LaTeX Font Info:    Checking defaults for T1/cmr/m/n on input line 16.
LaTeX Font Info:    ... okay on input line 16.
LaTeX Font Info:    Checking defaults for OT1/cmr/m/n on input line 16.
LaTeX Font Info:    ... okay on input line 16.
LaTeX Font Info:    Checking defaults for OMS/cmsy/m/n on input line 16.
LaTeX Font Info:    ... okay on input line 16.
LaTeX Font Info:    Checking defaults for OMX/cmex/m/n on input line 16.
LaTeX Font Info:    ... okay on input line 16.
LaTeX Font Info:    Checking defaults for U/cmr/m/n on input line 16.
LaTeX Font Info:    ... okay on input line 16.
LaTeX Font Info:    Try loading font information for U+msa on input line 16.

("C:\Users\USER\AppData\Local\Programs\MiKTeX 2.9\tex/latex/amsfonts\umsa.fd"
File: umsa.fd 2013/01/14 v3.01 AMS symbols A
)
LaTeX Font Info:    Try loading font information for U+msb on input line 16.

("C:\Users\USER\AppData\Local\Programs\MiKTeX 2.9\tex/latex/amsfonts\umsb.fd"
File: umsb.fd 2013/01/14 v3.01 AMS symbols B
)
LaTeX Font Info:    Try loading font information for U+wasy on input line 16.

("C:\Users\USER\AppData\Local\Programs\MiKTeX 2.9\tex/latex/wasysym\uwasy.fd"
File: uwasy.fd 2003/10/30 v2.0 Wasy-2 symbol font definitions
)
Package xypdf Info: Line width: 0.47998pt on input line 16.

("C:\Users\USER\AppData\Local\Programs\MiKTeX 2.9\tex/context/base/mkii\supp-pd
f.mkii"
[Loading MPS to PDF converter (version 2006.09.02).]
\scratchcounter=\count136
\scratchdimen=\dimen148
\scratchbox=\box35
\nofMPsegments=\count137
\nofMParguments=\count138
\everyMPshowfont=\toks31
\MPscratchCnt=\count139
\MPscratchDim=\dimen149
\MPnumerator=\count140
\makeMPintoPDFobject=\count141
\everyMPtoPDFconversion=\toks32
)
("C:\Users\USER\AppData\Local\Programs\MiKTeX 2.9\tex/latex/oberdiek\epstopdf-b
ase.sty"
Package: epstopdf-base 2016/05/15 v2.6 Base part for package epstopdf

("C:\Users\USER\AppData\Local\Programs\MiKTeX 2.9\tex/generic/oberdiek\infwarer
r.sty"
Package: infwarerr 2016/05/16 v1.4 Providing info/warning/error messages (HO)
)
("C:\Users\USER\AppData\Local\Programs\MiKTeX 2.9\tex/latex/oberdiek\grfext.sty
"
Package: grfext 2016/05/16 v1.2 Manage graphics extensions (HO)

("C:\Users\USER\AppData\Local\Programs\MiKTeX 2.9\tex/generic/oberdiek\kvdefine
keys.sty"
Package: kvdefinekeys 2016/05/16 v1.4 Define keys (HO)

("C:\Users\USER\AppData\Local\Programs\MiKTeX 2.9\tex/generic/oberdiek\ltxcmds.
sty"
Package: ltxcmds 2016/05/16 v1.23 LaTeX kernel commands for general use (HO)
)))
("C:\Users\USER\AppData\Local\Programs\MiKTeX 2.9\tex/latex/oberdiek\kvoptions.
sty"
Package: kvoptions 2016/05/16 v3.12 Key value format for package options (HO)

("C:\Users\USER\AppData\Local\Programs\MiKTeX 2.9\tex/generic/oberdiek\kvsetkey
s.sty"
Package: kvsetkeys 2016/05/16 v1.17 Key value parser (HO)

("C:\Users\USER\AppData\Local\Programs\MiKTeX 2.9\tex/generic/oberdiek\etexcmds
.sty"
Package: etexcmds 2016/05/16 v1.6 Avoid name clashes with e-TeX commands (HO)

("C:\Users\USER\AppData\Local\Programs\MiKTeX 2.9\tex/generic/oberdiek\ifluatex
.sty"
Package: ifluatex 2016/05/16 v1.4 Provides the ifluatex switch (HO)
Package ifluatex Info: LuaTeX not detected.
))))
("C:\Users\USER\AppData\Local\Programs\MiKTeX 2.9\tex/generic/oberdiek\pdftexcm
ds.sty"
Package: pdftexcmds 2019/07/25 v0.30 Utility functions of pdfTeX for LuaTeX (HO
)
Package pdftexcmds Info: LuaTeX not detected.
Package pdftexcmds Info: \pdf@primitive is available.
Package pdftexcmds Info: \pdf@ifprimitive is available.
Package pdftexcmds Info: \pdfdraftmode found.
)
Package epstopdf-base Info: Redefining graphics rule for `.eps' on input line 4
38.
Package grfext Info: Graphics extension search list:
(grfext)             [.pdf,.png,.jpg,.mps,.jpeg,.jbig2,.jb2,.PDF,.PNG,.JPG,.JPE
G,.JBIG2,.JB2,.eps]
(grfext)             \AppendGraphicsExtensions on input line 456.
)

LaTeX Font Warning: Font shape `OT1/cmr/bx/n' in size <19> not available
(Font)              size <17.28> substituted on input line 23.

<../unsch.jpg, id=1, 401.5pt x 552.0625pt>
File: ../unsch.jpg Graphic file (type jpg)
<use ../unsch.jpg>
Package pdftex.def Info: ../unsch.jpg  used on input line 36.
(pdftex.def)             Requested size: 128.04152pt x 184.94418pt.

LaTeX Font Warning: Font shape `OT1/cmr/bx/n' in size <13> not available
(Font)              size <12> substituted on input line 40.


Underfull \hbox (badness 10000) in paragraph at lines 47--48

 []

[1

{C:/Users/USER/AppData/Local/MiKTeX/2.9/pdftex/config/pdftex.map} <../unsch.jpg
>]

LaTeX Warning: No \author given.


Underfull \hbox (badness 10000) in paragraph at lines 65--66

 []


Underfull \hbox (badness 10000) in paragraph at lines 94--99

 []

[2]
Underfull \hbox (badness 10000) in paragraph at lines 106--108

 []


Underfull \hbox (badness 10000) in paragraph at lines 109--111

 []


Overfull \hbox (16.42181pt too wide) in paragraph at lines 112--113
[]$\OT1/cmr/m/n/12 
 = \OMS/cmsy/m/n/12 f\OT1/cmr/m/n/12 (\OML/cmm/m/it/12 DDD\OT1/cmr/m/n/12 ); (\
OML/cmm/m/it/12 DDB\OT1/cmr/m/n/12 ); (\OML/cmm/m/it/12 DBD\OT1/cmr/m/n/12 ); (
\OML/cmm/m/it/12 BDD\OT1/cmr/m/n/12 ); (\OML/cmm/m/it/12 BBD\OT1/cmr/m/n/12 ); 
(\OML/cmm/m/it/12 BDB\OT1/cmr/m/n/12 ); (\OML/cmm/m/it/12 DBB\OT1/cmr/m/n/12 ; 
(\OML/cmm/m/it/12 BBB\OT1/cmr/m/n/12 )\OMS/cmsy/m/n/12 g$ 
 []

[3]
Overfull \hbox (41.64851pt too wide) in paragraph at lines 135--138
\OT1/cmr/m/n/12 
 = \OMS/cmsy/m/n/12 f\OML/cmm/m/it/12 DDD; DDNDD; DDNDN; DDNND; DDNNN; DNDDD; D
NDDN;$ 
 []


Overfull \hbox (25.5014pt too wide) in paragraph at lines 139--140
[]$\OML/cmm/m/it/12 DNDND; DNDNN; DNNDD; DNNDN; DNNND; DNNNN; NDDD;$ 
 []


Overfull \hbox (36.16385pt too wide) in paragraph at lines 141--142
[]$\OML/cmm/m/it/12 NDDND; NDDNN; NDNDD; NDNDN; NDNND; NDNNN; NNDDD;$ 
 []


Overfull \hbox (42.96216pt too wide) in paragraph at lines 143--144
[]$\OML/cmm/m/it/12 NNDDN; NNDND; NNDNN; NNNDD; NNNDN; NNNND; NNNNN\OMS/cmsy/m/
n/12 g$ 
 []


Overfull \hbox (24.76654pt too wide) in paragraph at lines 158--159
[]\OT1/cmr/m/n/12 En cierto sec-tor de Lima, hay cu-a-tro su-per-me-r-ca-dos (n
u-mer-adas 1,2,3,4).Seis
 []


Overfull \hbox (25.315pt too wide) in paragraph at lines 166--170
\OML/cmm/m/it/12 A \OT1/cmr/m/n/12 = \OMS/cmsy/m/n/12 f\OT1/cmr/m/n/12 (1\OML/c
mm/m/it/12 ; \OT1/cmr/m/n/12 1)\OML/cmm/m/it/12 ; \OT1/cmr/m/n/12 (1\OML/cmm/m/
it/12 ; \OT1/cmr/m/n/12 2)\OML/cmm/m/it/12 ; \OT1/cmr/m/n/12 (1\OML/cmm/m/it/12
 ; \OT1/cmr/m/n/12 3)\OML/cmm/m/it/12 ; \OT1/cmr/m/n/12 (1\OML/cmm/m/it/12 ; \O
T1/cmr/m/n/12 4)\OML/cmm/m/it/12 ; \OT1/cmr/m/n/12 (2\OML/cmm/m/it/12 ; \OT1/cm
r/m/n/12 1)\OML/cmm/m/it/12 ; \OT1/cmr/m/n/12 (2\OML/cmm/m/it/12 ; \OT1/cmr/m/n
/12 2)\OML/cmm/m/it/12 ; \OT1/cmr/m/n/12 (2\OML/cmm/m/it/12 ; \OT1/cmr/m/n/12 3
)\OML/cmm/m/it/12 ; \OT1/cmr/m/n/12 (2\OML/cmm/m/it/12 ; \OT1/cmr/m/n/12 4)\OML
/cmm/m/it/12 ; \OT1/cmr/m/n/12 (3\OML/cmm/m/it/12 ; \OT1/cmr/m/n/12 1)\OML/cmm/
m/it/12 ; \OT1/cmr/m/n/12 (3\OML/cmm/m/it/12 ; \OT1/cmr/m/n/12 2)\OML/cmm/m/it/
12 ;$
 []


Overfull \hbox (26.1177pt too wide) in paragraph at lines 166--170
\OT1/cmr/m/n/12 (3\OML/cmm/m/it/12 ; \OT1/cmr/m/n/12 3)\OML/cmm/m/it/12 ; \OT1/
cmr/m/n/12 (3\OML/cmm/m/it/12 ; \OT1/cmr/m/n/12 4)\OML/cmm/m/it/12 ; \OT1/cmr/m
/n/12 (4\OML/cmm/m/it/12 ; \OT1/cmr/m/n/12 1)\OML/cmm/m/it/12 ; \OT1/cmr/m/n/12
 (4\OML/cmm/m/it/12 ; \OT1/cmr/m/n/12 2)\OML/cmm/m/it/12 ; \OT1/cmr/m/n/12 (4\O
ML/cmm/m/it/12 ; \OT1/cmr/m/n/12 3)\OML/cmm/m/it/12 ; \OT1/cmr/m/n/12 (4\OML/cm
m/m/it/12 ; \OT1/cmr/m/n/12 4)\OML/cmm/m/it/12 ; \OT1/cmr/m/n/12 (5\OML/cmm/m/i
t/12 ; \OT1/cmr/m/n/12 1)\OML/cmm/m/it/12 ; \OT1/cmr/m/n/12 (5\OML/cmm/m/it/12 
; \OT1/cmr/m/n/12 2)\OML/cmm/m/it/12 ; \OT1/cmr/m/n/12 (5\OML/cmm/m/it/12 ; \OT
1/cmr/m/n/12 3)\OML/cmm/m/it/12 ; \OT1/cmr/m/n/12 (5\OML/cmm/m/it/12 ; \OT1/cmr
/m/n/12 4)\OML/cmm/m/it/12 ; \OT1/cmr/m/n/12 (6\OML/cmm/m/it/12 ; \OT1/cmr/m/n/
12 1)\OML/cmm/m/it/12 ;$
 []

[4]
Overfull \hbox (6.16672pt too wide) in paragraph at lines 182--183
[]\OT1/cmr/m/n/12 Tres maquinas identicas que fun-cio-nan in-de-pen-di-en-te-
mente se mantienen
 []


Overfull \hbox (4.62183pt too wide) in paragraph at lines 182--183
\OT1/cmr/m/n/12 fun-cio-nando hasta darle de baja y se an-ota el tiempo que du-
ran. Suponer
 []


Underfull \hbox (badness 10000) in paragraph at lines 182--183

 []


Overfull \hbox (2.3847pt too wide) in paragraph at lines 194--196
\OML/cmm/m/it/12 A \OT1/cmr/m/n/12 = \OMS/cmsy/m/n/12 f\OT1/cmr/m/n/12 (1\OML/c
mm/m/it/12 ; \OT1/cmr/m/n/12 7)\OML/cmm/m/it/12 ; \OT1/cmr/m/n/12 (1\OML/cmm/m/
it/12 ; \OT1/cmr/m/n/12 8)\OML/cmm/m/it/12 ; \OT1/cmr/m/n/12 (1\OML/cmm/m/it/12
 ; \OT1/cmr/m/n/12 9)\OML/cmm/m/it/12 ; \OT1/cmr/m/n/12 (1\OML/cmm/m/it/12 ; \O
T1/cmr/m/n/12 10)\OML/cmm/m/it/12 ; \OT1/cmr/m/n/12 (2\OML/cmm/m/it/12 ; \OT1/c
mr/m/n/12 7)\OML/cmm/m/it/12 ; \OT1/cmr/m/n/12 (2\OML/cmm/m/it/12 ; \OT1/cmr/m/
n/12 8)\OML/cmm/m/it/12 ; \OT1/cmr/m/n/12 (2\OML/cmm/m/it/12 ; \OT1/cmr/m/n/12 
9)\OML/cmm/m/it/12 ; \OT1/cmr/m/n/12 (2\OML/cmm/m/it/12 ; \OT1/cmr/m/n/12 10)\O
ML/cmm/m/it/12 ; \OT1/cmr/m/n/12 (3\OML/cmm/m/it/12 ; \OT1/cmr/m/n/12 7)$ 
 []


Overfull \hbox (2.3847pt too wide) in paragraph at lines 199--201
\OML/cmm/m/it/12 A \OT1/cmr/m/n/12 = \OMS/cmsy/m/n/12 f\OT1/cmr/m/n/12 (1\OML/c
mm/m/it/12 ; \OT1/cmr/m/n/12 7)\OML/cmm/m/it/12 ; \OT1/cmr/m/n/12 (1\OML/cmm/m/
it/12 ; \OT1/cmr/m/n/12 8)\OML/cmm/m/it/12 ; \OT1/cmr/m/n/12 (1\OML/cmm/m/it/12
 ; \OT1/cmr/m/n/12 9)\OML/cmm/m/it/12 ; \OT1/cmr/m/n/12 (1\OML/cmm/m/it/12 ; \O
T1/cmr/m/n/12 10)\OML/cmm/m/it/12 ; \OT1/cmr/m/n/12 (2\OML/cmm/m/it/12 ; \OT1/c
mr/m/n/12 7)\OML/cmm/m/it/12 ; \OT1/cmr/m/n/12 (2\OML/cmm/m/it/12 ; \OT1/cmr/m/
n/12 8)\OML/cmm/m/it/12 ; \OT1/cmr/m/n/12 (2\OML/cmm/m/it/12 ; \OT1/cmr/m/n/12 
9)\OML/cmm/m/it/12 ; \OT1/cmr/m/n/12 (2\OML/cmm/m/it/12 ; \OT1/cmr/m/n/12 10)\O
ML/cmm/m/it/12 ; \OT1/cmr/m/n/12 (3\OML/cmm/m/it/12 ; \OT1/cmr/m/n/12 7)$ 
 []

[5]
Underfull \hbox (badness 10000) in paragraph at lines 214--217

 []


Underfull \hbox (badness 10000) in paragraph at lines 219--220

 []


Overfull \hbox (15.52884pt too wide) in paragraph at lines 227--230
\OT1/cmr/m/n/12 Se nece-si-tan por lo menos 5 lan-za-mien-tos = $\OMS/cmsy/m/n/
12 f\OML/cmm/m/it/12 xxxx\OT1/cmr/m/n/12 4\OML/cmm/m/it/12 :xxxxx\OT1/cmr/m/n/1
2 4\OML/cmm/m/it/12 ; xxxxxx\OT1/cmr/m/n/12 4\OML/cmm/m/it/12 ; ::::\OMS/cmsy/m
/n/12 g$
 []

[6] ("Practica 02.aux")

LaTeX Font Warning: Size substitutions with differences
(Font)              up to 1.72pt have occurred.

 ) 
Here is how much of TeX's memory you used:
 5311 strings out of 492895
 69690 string characters out of 3124203
 182028 words of memory out of 3000000
 9106 multiletter control sequences out of 15000+200000
 15449 words of font info for 64 fonts, out of 3000000 for 9000
 1141 hyphenation exceptions out of 8191
 41i,6n,27p,3246b,362s stack positions out of 5000i,500n,10000p,200000b,50000s
<C:/Users/USER/AppData/Local/Programs/MiKTeX 2.9/fonts/type1/public/amsfonts/
cm/cmbx10.pfb><C:/Users/USER/AppData/Local/Programs/MiKTeX 2.9/fonts/type1/publ
ic/amsfonts/cm/cmbx12.pfb><C:/Users/USER/AppData/Local/Programs/MiKTeX 2.9/font
s/type1/public/amsfonts/cm/cmex10.pfb><C:/Users/USER/AppData/Local/Programs/MiK
TeX 2.9/fonts/type1/public/amsfonts/cm/cmmi12.pfb><C:/Users/USER/AppData/Local/
Programs/MiKTeX 2.9/fonts/type1/public/amsfonts/cm/cmmi8.pfb><C:/Users/USER/App
Data/Local/Programs/MiKTeX 2.9/fonts/type1/public/amsfonts/cm/cmr12.pfb><C:/Use
rs/USER/AppData/Local/Programs/MiKTeX 2.9/fonts/type1/public/amsfonts/cm/cmr8.p
fb><C:/Users/USER/AppData/Local/Programs/MiKTeX 2.9/fonts/type1/public/amsfonts
/cm/cmsy10.pfb><C:/Users/USER/AppData/Local/Programs/MiKTeX 2.9/fonts/type1/pub
lic/amsfonts/cm/cmsy8.pfb><C:/Users/USER/AppData/Local/Programs/MiKTeX 2.9/font
s/type1/public/amsfonts/symbols/msam10.pfb><C:/Users/USER/AppData/Local/Program
s/MiKTeX 2.9/fonts/type1/public/amsfonts/symbols/msbm10.pfb>
Output written on "Practica 02.pdf" (6 pages, 155107 bytes).
PDF statistics:
 67 PDF objects out of 1000 (max. 8388607)
 0 named destinations out of 1000 (max. 500000)
 6 words of extra memory for PDF output out of 10000 (max. 10000000)

